2025-11-29 23:01:38,688 - models - number of parameters: 1.169888e+08
2025-11-29 23:04:40,812 - root - Training, epoch 1, loss 8.98387, lr 1.000000e-05.
2025-11-29 23:05:29,868 - root - Valid, epoch 1, loss 10.74233.
2025-11-29 23:05:29,873 - root - Best epoch: 001, saving model to ./results/long_run_curriculum/ct_dma_pos_bs32_lr0.0001/model.pt
2025-11-29 23:05:30,711 - root - Validation loss improved! New best: 10.74233
2025-11-29 23:08:43,099 - root - Training, epoch 2, loss 5.99959, lr 9.735156e-05.
2025-11-29 23:09:32,271 - root - Valid, epoch 2, loss 12.10981.
2025-11-29 23:09:32,274 - root - No improvement for 1/50 epochs
2025-11-29 23:12:38,878 - root - Training, epoch 3, loss 4.76004, lr 1.000000e-05.
2025-11-29 23:13:28,081 - root - Valid, epoch 3, loss 12.41609.
2025-11-29 23:13:28,084 - root - No improvement for 2/50 epochs
2025-11-29 23:16:34,465 - root - Training, epoch 4, loss 4.59499, lr 8.933092e-05.
2025-11-29 23:17:29,939 - root - Valid, epoch 4, loss 12.75261.
2025-11-29 23:17:29,941 - root - No improvement for 3/50 epochs
2025-11-29 23:21:00,756 - root - Training, epoch 5, loss 4.35884, lr 1.643214e-05.
2025-11-29 23:21:54,464 - root - Valid, epoch 5, loss 12.79505.
2025-11-29 23:21:54,467 - root - No improvement for 4/50 epochs
2025-11-29 23:25:25,080 - root - Training, epoch 6, loss 4.34186, lr 7.684525e-05.
2025-11-29 23:26:18,518 - root - Valid, epoch 6, loss 13.02855.
2025-11-29 23:26:18,526 - root - No improvement for 5/50 epochs
2025-11-29 23:30:24,190 - root - Training, epoch 7, loss 4.84336, lr 7.606920e-05.
2025-11-29 23:30:24,194 - root - Curriculum advanced (seqlen 42 -> 54). Resetting early stopping patience.
2025-11-29 23:31:17,904 - root - Valid, epoch 7, loss 8.68653.
2025-11-29 23:31:17,910 - root - Best epoch: 007, saving model to ./results/long_run_curriculum/ct_dma_pos_bs32_lr0.0001/model.pt
2025-11-29 23:31:18,649 - root - Validation loss improved! New best: 8.68653
2025-11-29 23:35:24,404 - root - Training, epoch 8, loss 4.33801, lr 1.000000e-05.
2025-11-29 23:36:18,248 - root - Valid, epoch 8, loss 9.23040.
2025-11-29 23:36:18,252 - root - No improvement for 1/50 epochs
2025-11-29 23:40:23,326 - root - Training, epoch 9, loss 4.16889, lr 6.773755e-05.
2025-11-29 23:41:17,572 - root - Valid, epoch 9, loss 10.19797.
2025-11-29 23:41:17,578 - root - No improvement for 2/50 epochs
2025-11-29 23:45:22,357 - root - Training, epoch 10, loss 4.06723, lr 8.417652e-05.
2025-11-29 23:46:16,338 - root - Valid, epoch 10, loss 10.22022.
2025-11-29 23:46:16,342 - root - No improvement for 3/50 epochs
2025-11-29 23:50:21,557 - root - Training, epoch 11, loss 4.07255, lr 1.000000e-05.
2025-11-29 23:51:15,304 - root - Valid, epoch 11, loss 10.37661.
2025-11-29 23:51:15,308 - root - No improvement for 4/50 epochs
2025-11-29 23:59:15,435 - root - Training, epoch 12, loss 4.96671, lr 9.727173e-05.
2025-11-29 23:59:15,449 - root - Curriculum advanced (seqlen 54 -> 120). Resetting early stopping patience.
2025-11-30 00:00:10,735 - root - Valid, epoch 12, loss 2.92674.
2025-11-30 00:00:10,739 - root - Best epoch: 012, saving model to ./results/long_run_curriculum/ct_dma_pos_bs32_lr0.0001/model.pt
2025-11-30 00:00:11,571 - root - Validation loss improved! New best: 2.92674
2025-11-30 00:08:13,246 - root - Training, epoch 13, loss 4.15791, lr 1.000000e-05.
2025-11-30 00:09:07,671 - root - Valid, epoch 13, loss 2.81104.
2025-11-30 00:09:07,680 - root - Best epoch: 013, saving model to ./results/long_run_curriculum/ct_dma_pos_bs32_lr0.0001/model.pt
2025-11-30 00:09:08,430 - root - Validation loss improved! New best: 2.81104
2025-11-30 00:17:09,828 - root - Training, epoch 14, loss 4.09759, lr 9.602272e-05.
2025-11-30 00:18:04,267 - root - Valid, epoch 14, loss 2.90790.
2025-11-30 00:18:04,272 - root - No improvement for 1/50 epochs
2025-11-30 00:26:05,369 - root - Training, epoch 15, loss 4.04965, lr 1.000000e-05.
2025-11-30 00:26:59,820 - root - Valid, epoch 15, loss 2.80181.
2025-11-30 00:26:59,829 - root - Best epoch: 015, saving model to ./results/long_run_curriculum/ct_dma_pos_bs32_lr0.0001/model.pt
2025-11-30 00:27:00,617 - root - Validation loss improved! New best: 2.80181
2025-11-30 00:35:02,159 - root - Training, epoch 16, loss 4.01576, lr 9.455033e-05.
2025-11-30 00:35:56,466 - root - Valid, epoch 16, loss 2.89863.
2025-11-30 00:35:56,474 - root - No improvement for 1/50 epochs
2025-11-30 00:43:56,867 - root - Training, epoch 17, loss 3.98215, lr 1.000000e-05.
2025-11-30 00:44:51,326 - root - Valid, epoch 17, loss 2.80838.
2025-11-30 00:44:51,330 - root - No improvement for 2/50 epochs
2025-11-30 00:52:51,722 - root - Training, epoch 18, loss 3.96295, lr 9.286169e-05.
2025-11-30 00:53:45,940 - root - Valid, epoch 18, loss 2.83658.
2025-11-30 00:53:45,944 - root - No improvement for 3/50 epochs
2025-11-30 01:01:45,950 - root - Training, epoch 19, loss 3.93715, lr 1.000000e-05.
2025-11-30 01:02:40,225 - root - Valid, epoch 19, loss 2.78661.
2025-11-30 01:02:40,230 - root - Best epoch: 019, saving model to ./results/long_run_curriculum/ct_dma_pos_bs32_lr0.0001/model.pt
2025-11-30 01:02:41,057 - root - Validation loss improved! New best: 2.78661
2025-11-30 01:10:42,638 - root - Training, epoch 20, loss 3.91947, lr 9.096500e-05.
2025-11-30 01:11:36,901 - root - Valid, epoch 20, loss 2.84155.
2025-11-30 01:11:36,906 - root - No improvement for 1/50 epochs
2025-11-30 01:19:37,119 - root - Training, epoch 21, loss 3.89290, lr 1.005852e-05.
2025-11-30 01:20:31,472 - root - Valid, epoch 21, loss 2.78032.
2025-11-30 01:20:31,476 - root - Best epoch: 021, saving model to ./results/long_run_curriculum/ct_dma_pos_bs32_lr0.0001/model.pt
2025-11-30 01:20:32,335 - root - Validation loss improved! New best: 2.78032
2025-11-30 01:28:33,914 - root - Training, epoch 22, loss 3.88213, lr 8.886948e-05.
2025-11-30 01:29:28,381 - root - Valid, epoch 22, loss 2.86266.
2025-11-30 01:29:28,384 - root - No improvement for 1/50 epochs
2025-11-30 01:37:28,787 - root - Training, epoch 23, loss 3.85899, lr 1.224971e-05.
2025-11-30 01:38:23,832 - root - Valid, epoch 23, loss 2.78144.
2025-11-30 01:38:23,837 - root - No improvement for 2/50 epochs
2025-11-30 01:46:24,960 - root - Training, epoch 24, loss 3.84751, lr 8.658528e-05.
2025-11-30 01:47:19,436 - root - Valid, epoch 24, loss 2.85205.
2025-11-30 01:47:19,444 - root - No improvement for 3/50 epochs
2025-11-30 01:55:20,348 - root - Training, epoch 25, loss 3.82158, lr 1.462414e-05.
2025-11-30 01:56:14,602 - root - Valid, epoch 25, loss 2.79255.
2025-11-30 01:56:14,612 - root - No improvement for 4/50 epochs
2025-11-30 02:04:15,664 - root - Training, epoch 26, loss 3.81891, lr 8.412351e-05.
2025-11-30 02:05:10,172 - root - Valid, epoch 26, loss 2.78094.
2025-11-30 02:05:10,175 - root - No improvement for 5/50 epochs
2025-11-30 02:13:11,918 - root - Training, epoch 27, loss 3.79526, lr 1.717027e-05.
2025-11-30 02:14:06,801 - root - Valid, epoch 27, loss 2.77793.
2025-11-30 02:14:06,812 - root - Best epoch: 027, saving model to ./results/long_run_curriculum/ct_dma_pos_bs32_lr0.0001/model.pt
2025-11-30 02:14:07,588 - root - Validation loss improved! New best: 2.77793
2025-11-30 02:22:08,848 - root - Training, epoch 28, loss 3.79038, lr 8.149610e-05.
2025-11-30 02:23:03,206 - root - Valid, epoch 28, loss 2.81607.
2025-11-30 02:23:03,217 - root - No improvement for 1/50 epochs
2025-11-30 02:31:02,738 - root - Training, epoch 29, loss 3.76681, lr 1.987577e-05.
2025-11-30 02:31:57,410 - root - Valid, epoch 29, loss 2.75850.
2025-11-30 02:31:57,414 - root - Best epoch: 029, saving model to ./results/long_run_curriculum/ct_dma_pos_bs32_lr0.0001/model.pt
2025-11-30 02:31:58,257 - root - Validation loss improved! New best: 2.75850
2025-11-30 02:39:58,754 - root - Training, epoch 30, loss 3.76499, lr 7.871581e-05.
2025-11-30 02:40:52,918 - root - Valid, epoch 30, loss 2.79931.
2025-11-30 02:40:52,926 - root - No improvement for 1/50 epochs
2025-11-30 02:48:53,736 - root - Training, epoch 31, loss 3.73866, lr 2.272748e-05.
2025-11-30 02:49:48,071 - root - Valid, epoch 31, loss 2.76507.
2025-11-30 02:49:48,075 - root - No improvement for 2/50 epochs
2025-11-30 02:57:49,502 - root - Training, epoch 32, loss 3.73715, lr 7.579614e-05.
2025-11-30 02:58:44,303 - root - Valid, epoch 32, loss 2.83920.
2025-11-30 02:58:44,307 - root - No improvement for 3/50 epochs
2025-11-30 03:06:44,327 - root - Training, epoch 33, loss 3.71219, lr 2.571157e-05.
2025-11-30 03:07:38,840 - root - Valid, epoch 33, loss 2.77312.
2025-11-30 03:07:38,846 - root - No improvement for 4/50 epochs
2025-11-30 03:15:40,095 - root - Training, epoch 34, loss 3.71440, lr 7.275125e-05.
2025-11-30 03:16:35,069 - root - Valid, epoch 34, loss 2.84118.
2025-11-30 03:16:35,075 - root - No improvement for 5/50 epochs
2025-11-30 03:24:36,010 - root - Training, epoch 35, loss 3.68886, lr 2.881355e-05.
2025-11-30 03:25:30,672 - root - Valid, epoch 35, loss 2.77527.
2025-11-30 03:25:30,679 - root - No improvement for 6/50 epochs
2025-11-30 03:33:30,978 - root - Training, epoch 36, loss 3.69218, lr 6.959593e-05.
2025-11-30 03:34:25,727 - root - Valid, epoch 36, loss 2.85956.
2025-11-30 03:34:25,731 - root - No improvement for 7/50 epochs
2025-11-30 03:42:26,828 - root - Training, epoch 37, loss 3.66208, lr 3.201837e-05.
2025-11-30 03:43:22,586 - root - Valid, epoch 37, loss 2.79095.
2025-11-30 03:43:22,591 - root - No improvement for 8/50 epochs
2025-11-30 03:51:23,438 - root - Training, epoch 38, loss 3.66462, lr 6.634550e-05.
2025-11-30 03:52:17,795 - root - Valid, epoch 38, loss 2.80777.
2025-11-30 03:52:17,796 - root - No improvement for 9/50 epochs
2025-11-30 04:00:18,911 - root - Training, epoch 39, loss 3.63895, lr 3.531047e-05.
2025-11-30 04:01:13,644 - root - Valid, epoch 39, loss 2.80353.
2025-11-30 04:01:13,649 - root - No improvement for 10/50 epochs
2025-11-30 04:09:15,203 - root - Training, epoch 40, loss 3.64710, lr 6.301573e-05.
2025-11-30 04:10:09,725 - root - Valid, epoch 40, loss 2.86124.
2025-11-30 04:10:09,736 - root - No improvement for 11/50 epochs
2025-11-30 04:18:10,799 - root - Training, epoch 41, loss 3.61699, lr 3.867388e-05.
2025-11-30 04:19:05,179 - root - Valid, epoch 41, loss 2.81543.
2025-11-30 04:19:05,182 - root - No improvement for 12/50 epochs
2025-11-30 04:27:04,921 - root - Training, epoch 42, loss 3.62305, lr 5.962277e-05.
2025-11-30 04:27:59,365 - root - Valid, epoch 42, loss 2.81115.
2025-11-30 04:27:59,370 - root - No improvement for 13/50 epochs
2025-11-30 04:36:00,168 - root - Training, epoch 43, loss 3.59229, lr 4.209226e-05.
2025-11-30 04:36:54,803 - root - Valid, epoch 43, loss 2.81372.
2025-11-30 04:36:54,809 - root - No improvement for 14/50 epochs
2025-11-30 04:44:55,554 - root - Training, epoch 44, loss 3.60119, lr 5.618312e-05.
2025-11-30 04:45:50,115 - root - Valid, epoch 44, loss 2.84308.
2025-11-30 04:45:50,122 - root - No improvement for 15/50 epochs
2025-11-30 04:53:50,324 - root - Training, epoch 45, loss 3.57009, lr 4.554902e-05.
2025-11-30 04:54:44,511 - root - Valid, epoch 45, loss 2.82710.
2025-11-30 04:54:44,517 - root - No improvement for 16/50 epochs
2025-11-30 05:02:45,363 - root - Training, epoch 46, loss 3.58475, lr 5.271344e-05.
2025-11-30 05:03:39,809 - root - Valid, epoch 46, loss 2.84429.
2025-11-30 05:03:39,813 - root - No improvement for 17/50 epochs
2025-11-30 05:11:41,682 - root - Training, epoch 47, loss 3.54817, lr 4.902739e-05.
2025-11-30 05:12:36,505 - root - Valid, epoch 47, loss 2.83263.
2025-11-30 05:12:36,510 - root - No improvement for 18/50 epochs
2025-11-30 05:20:38,936 - root - Training, epoch 48, loss 3.55830, lr 4.923060e-05.
2025-11-30 05:21:33,251 - root - Valid, epoch 48, loss 2.83974.
2025-11-30 05:21:33,263 - root - No improvement for 19/50 epochs
2025-11-30 05:29:33,613 - root - Training, epoch 49, loss 3.52982, lr 5.251048e-05.
2025-11-30 05:30:28,339 - root - Valid, epoch 49, loss 2.86050.
2025-11-30 05:30:28,348 - root - No improvement for 20/50 epochs
2025-11-30 05:38:29,540 - root - Training, epoch 50, loss 3.53991, lr 4.575149e-05.
2025-11-30 05:39:24,306 - root - Valid, epoch 50, loss 2.84463.
2025-11-30 05:39:24,314 - root - No improvement for 21/50 epochs
2025-11-30 05:47:25,076 - root - Training, epoch 51, loss 3.50717, lr 5.598138e-05.
2025-11-30 05:48:20,547 - root - Valid, epoch 51, loss 2.87709.
2025-11-30 05:48:20,553 - root - No improvement for 22/50 epochs
2025-11-30 05:56:20,592 - root - Training, epoch 52, loss 3.51814, lr 4.229301e-05.
2025-11-30 05:57:14,973 - root - Valid, epoch 52, loss 2.85567.
2025-11-30 05:57:14,978 - root - No improvement for 23/50 epochs
2025-11-30 06:05:15,357 - root - Training, epoch 53, loss 3.48640, lr 5.942325e-05.
2025-11-30 06:06:10,035 - root - Valid, epoch 53, loss 2.87403.
2025-11-30 06:06:10,042 - root - No improvement for 24/50 epochs
2025-11-30 06:14:12,642 - root - Training, epoch 54, loss 3.49818, lr 3.887193e-05.
2025-11-30 06:15:07,284 - root - Valid, epoch 54, loss 2.85552.
2025-11-30 06:15:07,290 - root - No improvement for 25/50 epochs
2025-11-30 06:23:09,746 - root - Training, epoch 55, loss 3.46767, lr 6.281938e-05.
2025-11-30 06:24:04,126 - root - Valid, epoch 55, loss 2.85082.
2025-11-30 06:24:04,128 - root - No improvement for 26/50 epochs
2025-11-30 06:32:08,045 - root - Training, epoch 56, loss 3.48030, lr 3.550487e-05.
2025-11-30 06:33:03,351 - root - Valid, epoch 56, loss 2.86476.
2025-11-30 06:33:03,355 - root - No improvement for 27/50 epochs
2025-11-30 06:41:05,925 - root - Training, epoch 57, loss 3.44650, lr 6.615329e-05.
2025-11-30 06:42:00,273 - root - Valid, epoch 57, loss 2.90172.
2025-11-30 06:42:00,280 - root - No improvement for 28/50 epochs
2025-11-30 06:50:01,973 - root - Training, epoch 58, loss 3.46275, lr 3.220817e-05.
2025-11-30 06:50:56,209 - root - Valid, epoch 58, loss 2.87742.
2025-11-30 06:50:56,220 - root - No improvement for 29/50 epochs
2025-11-30 06:59:00,031 - root - Training, epoch 59, loss 3.42896, lr 6.940879e-05.
2025-11-30 06:59:54,592 - root - Valid, epoch 59, loss 2.96862.
2025-11-30 06:59:54,599 - root - No improvement for 30/50 epochs
2025-11-30 07:07:59,394 - root - Training, epoch 60, loss 3.44134, lr 2.899782e-05.
2025-11-30 07:08:55,101 - root - Valid, epoch 60, loss 2.85913.
2025-11-30 07:08:55,107 - root - No improvement for 31/50 epochs
2025-11-30 07:16:58,108 - root - Training, epoch 61, loss 3.40643, lr 7.257008e-05.
2025-11-30 07:17:53,572 - root - Valid, epoch 61, loss 2.93393.
2025-11-30 07:17:53,575 - root - No improvement for 32/50 epochs
2025-11-30 07:25:54,886 - root - Training, epoch 62, loss 3.42119, lr 2.588942e-05.
2025-11-30 07:26:49,084 - root - Valid, epoch 62, loss 2.90285.
2025-11-30 07:26:49,089 - root - No improvement for 33/50 epochs
2025-11-30 07:34:49,471 - root - Training, epoch 63, loss 3.38782, lr 7.562182e-05.
2025-11-30 07:35:43,918 - root - Valid, epoch 63, loss 2.90141.
2025-11-30 07:35:43,923 - root - No improvement for 34/50 epochs
2025-11-30 07:43:46,623 - root - Training, epoch 64, loss 3.39932, lr 2.289805e-05.
2025-11-30 07:44:42,060 - root - Valid, epoch 64, loss 2.91169.
2025-11-30 07:44:42,065 - root - No improvement for 35/50 epochs
2025-11-30 07:52:44,275 - root - Training, epoch 65, loss 3.36709, lr 7.854919e-05.
2025-11-30 07:53:39,210 - root - Valid, epoch 65, loss 2.98152.
2025-11-30 07:53:39,217 - root - No improvement for 36/50 epochs
2025-11-30 08:01:40,143 - root - Training, epoch 66, loss 3.38117, lr 2.003823e-05.
2025-11-30 08:02:35,168 - root - Valid, epoch 66, loss 2.91000.
2025-11-30 08:02:35,174 - root - No improvement for 37/50 epochs
2025-11-30 08:10:38,903 - root - Training, epoch 67, loss 3.34707, lr 8.133798e-05.
2025-11-30 08:11:34,092 - root - Valid, epoch 67, loss 2.96512.
2025-11-30 08:11:34,098 - root - No improvement for 38/50 epochs
2025-11-30 08:19:36,620 - root - Training, epoch 68, loss 3.35782, lr 1.732384e-05.
2025-11-30 08:20:31,065 - root - Valid, epoch 68, loss 2.94644.
2025-11-30 08:20:31,072 - root - No improvement for 39/50 epochs
2025-11-30 08:27:48,495 - root - Training, epoch 69, loss 3.32678, lr 8.397467e-05.
2025-11-30 08:28:42,420 - root - Valid, epoch 69, loss 3.01371.
2025-11-30 08:28:42,428 - root - No improvement for 40/50 epochs
2025-11-30 08:36:45,831 - root - Training, epoch 70, loss 3.34020, lr 1.476806e-05.
2025-11-30 08:37:41,071 - root - Valid, epoch 70, loss 2.91997.
2025-11-30 08:37:41,084 - root - No improvement for 41/50 epochs
2025-11-30 08:45:44,442 - root - Training, epoch 71, loss 3.30709, lr 8.644644e-05.
2025-11-30 08:46:38,914 - root - Valid, epoch 71, loss 2.96485.
2025-11-30 08:46:38,921 - root - No improvement for 42/50 epochs
2025-11-30 08:54:42,895 - root - Training, epoch 72, loss 3.31943, lr 1.238329e-05.
2025-11-30 08:55:37,475 - root - Valid, epoch 72, loss 2.97718.
2025-11-30 08:55:37,480 - root - No improvement for 43/50 epochs
2025-11-30 09:03:39,867 - root - Training, epoch 73, loss 3.28749, lr 8.874131e-05.
2025-11-30 09:04:36,389 - root - Valid, epoch 73, loss 2.98706.
2025-11-30 09:04:36,396 - root - No improvement for 44/50 epochs
2025-11-30 09:12:40,674 - root - Training, epoch 74, loss 3.29884, lr 1.018111e-05.
2025-11-30 09:13:35,831 - root - Valid, epoch 74, loss 2.95802.
2025-11-30 09:13:35,836 - root - No improvement for 45/50 epochs
2025-11-30 09:21:39,183 - root - Training, epoch 75, loss 3.26843, lr 9.084813e-05.
2025-11-30 09:22:33,496 - root - Valid, epoch 75, loss 3.00488.
2025-11-30 09:22:33,500 - root - No improvement for 46/50 epochs
2025-11-30 09:30:35,501 - root - Training, epoch 76, loss 3.27743, lr 1.000000e-05.
2025-11-30 09:31:30,055 - root - Valid, epoch 76, loss 2.98416.
2025-11-30 09:31:30,058 - root - No improvement for 47/50 epochs
2025-11-30 09:39:34,088 - root - Training, epoch 77, loss 3.24677, lr 9.275668e-05.
2025-11-30 09:40:30,137 - root - Valid, epoch 77, loss 3.05105.
2025-11-30 09:40:30,146 - root - No improvement for 48/50 epochs
2025-11-30 09:48:33,286 - root - Training, epoch 78, loss 3.25467, lr 1.000000e-05.
2025-11-30 09:49:27,998 - root - Valid, epoch 78, loss 3.00645.
2025-11-30 09:49:28,006 - root - No improvement for 49/50 epochs
2025-11-30 09:57:30,785 - root - Training, epoch 79, loss 3.22306, lr 9.445769e-05.
2025-11-30 09:58:25,374 - root - Valid, epoch 79, loss 3.04727.
2025-11-30 09:58:25,379 - root - No improvement for 50/50 epochs
2025-11-30 09:58:25,379 - root - Early stopping triggered! Best epoch was 29
2025-11-30 09:58:25,522 - root - Last epoch: 079, saving model to ./results/long_run_curriculum/ct_dma_pos_bs32_lr0.0001/model.pt
