2025-11-24 14:38:41,716 - models - number of parameters: 5.742055e+07
2025-11-24 14:40:17,991 - root - Training, epoch 1, loss 9.33068, lr 2.996603e-04.
2025-11-24 14:40:23,992 - root - Valid, epoch 1, loss 4.51643.
2025-11-24 14:40:23,992 - root - Best epoch: 001, saving model to ./results/lower_lr/ct_dma_pos_bs32_lr0.0003/model.pt
2025-11-24 14:42:34,516 - root - Training, epoch 2, loss 3.19340, lr 2.983300e-04.
2025-11-24 14:42:41,897 - root - Valid, epoch 2, loss 2.49993.
2025-11-24 14:42:41,898 - root - Best epoch: 002, saving model to ./results/lower_lr/ct_dma_pos_bs32_lr0.0003/model.pt
2025-11-24 14:45:20,857 - root - Training, epoch 3, loss 2.06368, lr 2.960019e-04.
2025-11-24 14:45:28,388 - root - Valid, epoch 3, loss 1.90375.
2025-11-24 14:45:28,389 - root - Best epoch: 003, saving model to ./results/lower_lr/ct_dma_pos_bs32_lr0.0003/model.pt
2025-11-24 14:48:07,018 - root - Training, epoch 4, loss 1.61282, lr 2.926915e-04.
2025-11-24 14:48:14,184 - root - Valid, epoch 4, loss 1.67051.
2025-11-24 14:48:14,185 - root - Best epoch: 004, saving model to ./results/lower_lr/ct_dma_pos_bs32_lr0.0003/model.pt
2025-11-24 14:50:53,250 - root - Training, epoch 5, loss 1.36951, lr 2.884212e-04.
2025-11-24 14:51:00,436 - root - Valid, epoch 5, loss 1.56155.
2025-11-24 14:51:00,437 - root - Best epoch: 005, saving model to ./results/lower_lr/ct_dma_pos_bs32_lr0.0003/model.pt
2025-11-24 14:53:39,757 - root - Training, epoch 6, loss 1.20916, lr 2.832197e-04.
2025-11-24 14:53:47,764 - root - Valid, epoch 6, loss 1.45549.
2025-11-24 14:53:47,765 - root - Best epoch: 006, saving model to ./results/lower_lr/ct_dma_pos_bs32_lr0.0003/model.pt
2025-11-24 14:57:28,221 - root - Training, epoch 7, loss 1.07812, lr 2.771220e-04.
2025-11-24 14:57:38,487 - root - Valid, epoch 7, loss 1.43770.
2025-11-24 14:57:38,488 - root - Best epoch: 007, saving model to ./results/lower_lr/ct_dma_pos_bs32_lr0.0003/model.pt
2025-11-24 15:01:22,966 - root - Training, epoch 8, loss 0.96685, lr 2.701691e-04.
2025-11-24 15:01:34,459 - root - Valid, epoch 8, loss 1.38039.
2025-11-24 15:01:34,460 - root - Best epoch: 008, saving model to ./results/lower_lr/ct_dma_pos_bs32_lr0.0003/model.pt
2025-11-24 15:05:36,329 - root - Training, epoch 9, loss 0.85891, lr 2.624078e-04.
2025-11-24 15:05:48,070 - root - Valid, epoch 9, loss 1.36167.
2025-11-24 15:05:48,071 - root - Best epoch: 009, saving model to ./results/lower_lr/ct_dma_pos_bs32_lr0.0003/model.pt
2025-11-24 15:10:03,490 - root - Training, epoch 10, loss 0.76321, lr 2.538903e-04.
2025-11-24 15:10:15,661 - root - Valid, epoch 10, loss 1.32785.
2025-11-24 15:10:15,662 - root - Best epoch: 010, saving model to ./results/lower_lr/ct_dma_pos_bs32_lr0.0003/model.pt
2025-11-24 15:14:23,390 - root - Training, epoch 11, loss 0.66393, lr 2.446739e-04.
2025-11-24 15:14:33,601 - root - Valid, epoch 11, loss 1.33709.
2025-11-24 15:18:01,030 - root - Training, epoch 12, loss 0.57472, lr 2.348205e-04.
2025-11-24 15:18:10,703 - root - Valid, epoch 12, loss 1.34748.
2025-11-24 15:22:00,617 - root - Training, epoch 13, loss 0.47867, lr 2.243966e-04.
2025-11-24 15:22:12,035 - root - Valid, epoch 13, loss 1.36150.
2025-11-24 15:25:59,103 - root - Training, epoch 14, loss 0.38963, lr 2.134722e-04.
2025-11-24 15:26:09,325 - root - Valid, epoch 14, loss 1.37581.
2025-11-24 15:29:37,037 - root - Training, epoch 15, loss 0.29589, lr 2.021207e-04.
2025-11-24 15:29:46,892 - root - Valid, epoch 15, loss 1.39783.
2025-11-24 15:33:13,767 - root - Training, epoch 16, loss 0.20783, lr 1.904186e-04.
2025-11-24 15:33:23,914 - root - Valid, epoch 16, loss 1.42631.
2025-11-24 15:36:51,740 - root - Training, epoch 17, loss 0.11691, lr 1.784447e-04.
2025-11-24 15:37:01,732 - root - Valid, epoch 17, loss 1.46277.
2025-11-24 15:40:25,404 - root - Training, epoch 18, loss 0.02730, lr 1.662793e-04.
2025-11-24 15:40:32,837 - root - Valid, epoch 18, loss 1.51052.
2025-11-24 15:43:13,223 - root - Training, epoch 19, loss -0.06045, lr 1.540045e-04.
2025-11-24 15:43:20,350 - root - Valid, epoch 19, loss 1.54933.
2025-11-24 15:45:55,498 - root - Training, epoch 20, loss -0.15181, lr 1.417027e-04.
2025-11-24 15:46:02,808 - root - Valid, epoch 20, loss 1.60911.
2025-11-24 15:48:45,715 - root - Training, epoch 21, loss -0.24113, lr 1.294567e-04.
2025-11-24 15:48:54,568 - root - Valid, epoch 21, loss 1.66882.
2025-11-24 15:52:12,365 - root - Training, epoch 22, loss -0.32803, lr 1.173489e-04.
2025-11-24 15:52:22,019 - root - Valid, epoch 22, loss 1.72206.
2025-11-24 15:55:40,499 - root - Training, epoch 23, loss -0.41573, lr 1.054608e-04.
2025-11-24 15:55:48,697 - root - Valid, epoch 23, loss 1.78792.
2025-11-24 15:58:34,680 - root - Training, epoch 24, loss -0.50393, lr 9.387231e-05.
2025-11-24 15:58:42,452 - root - Valid, epoch 24, loss 1.87127.
2025-11-24 16:01:33,255 - root - Training, epoch 25, loss -0.58378, lr 8.266142e-05.
2025-11-24 16:01:41,575 - root - Valid, epoch 25, loss 1.94295.
2025-11-24 16:04:31,617 - root - Training, epoch 26, loss -0.66282, lr 7.190353e-05.
2025-11-24 16:04:39,415 - root - Valid, epoch 26, loss 2.02916.
2025-11-24 16:07:33,640 - root - Training, epoch 27, loss -0.73985, lr 6.167102e-05.
2025-11-24 16:07:42,255 - root - Valid, epoch 27, loss 2.11577.
2025-11-24 16:10:26,667 - root - Training, epoch 28, loss -0.81489, lr 5.203273e-05.
2025-11-24 16:10:34,488 - root - Valid, epoch 28, loss 2.18966.
2025-11-24 16:13:26,358 - root - Training, epoch 29, loss -0.88273, lr 4.305350e-05.
2025-11-24 16:13:34,745 - root - Valid, epoch 29, loss 2.27404.
2025-11-24 16:16:27,244 - root - Training, epoch 30, loss -0.95119, lr 3.479374e-05.
2025-11-24 16:16:35,500 - root - Valid, epoch 30, loss 2.35630.
2025-11-24 16:19:30,161 - root - Training, epoch 31, loss -1.01603, lr 3.000000e-05.
2025-11-24 16:19:37,827 - root - Valid, epoch 31, loss 2.45160.
2025-11-24 16:22:35,310 - root - Training, epoch 32, loss -1.08238, lr 3.000000e-05.
2025-11-24 16:22:43,487 - root - Valid, epoch 32, loss 2.55050.
2025-11-24 16:25:20,636 - root - Training, epoch 33, loss -1.14162, lr 3.000000e-05.
2025-11-24 16:25:27,958 - root - Valid, epoch 33, loss 2.63866.
2025-11-24 16:28:03,408 - root - Training, epoch 34, loss -1.19517, lr 3.000000e-05.
2025-11-24 16:28:10,861 - root - Valid, epoch 34, loss 2.72762.
2025-11-24 16:30:49,126 - root - Training, epoch 35, loss -1.24918, lr 3.000000e-05.
2025-11-24 16:30:56,492 - root - Valid, epoch 35, loss 2.81009.
2025-11-24 16:33:32,289 - root - Training, epoch 36, loss -1.30051, lr 3.000000e-05.
2025-11-24 16:33:40,239 - root - Valid, epoch 36, loss 2.90090.
2025-11-24 16:36:13,895 - root - Training, epoch 37, loss -1.34594, lr 3.000000e-05.
2025-11-24 16:36:20,589 - root - Valid, epoch 37, loss 2.99011.
2025-11-24 16:38:43,033 - root - Training, epoch 38, loss -1.38732, lr 3.000000e-05.
2025-11-24 16:38:50,223 - root - Valid, epoch 38, loss 3.08277.
2025-11-24 16:41:12,365 - root - Training, epoch 39, loss -1.43122, lr 3.000000e-05.
2025-11-24 16:41:19,555 - root - Valid, epoch 39, loss 3.16090.
2025-11-24 16:43:42,572 - root - Training, epoch 40, loss -1.47181, lr 3.000000e-05.
2025-11-24 16:43:49,179 - root - Valid, epoch 40, loss 3.25666.
2025-11-24 16:46:11,061 - root - Training, epoch 41, loss -1.51215, lr 3.000000e-05.
2025-11-24 16:46:17,929 - root - Valid, epoch 41, loss 3.34656.
2025-11-24 16:48:40,885 - root - Training, epoch 42, loss -1.55010, lr 3.000000e-05.
2025-11-24 16:48:47,854 - root - Valid, epoch 42, loss 3.42740.
2025-11-24 16:51:09,697 - root - Training, epoch 43, loss -1.58357, lr 3.000000e-05.
2025-11-24 16:51:16,306 - root - Valid, epoch 43, loss 3.51319.
2025-11-24 16:53:38,343 - root - Training, epoch 44, loss -1.61761, lr 3.000000e-05.
2025-11-24 16:53:44,941 - root - Valid, epoch 44, loss 3.59926.
2025-11-24 16:56:08,686 - root - Training, epoch 45, loss -1.64897, lr 3.000000e-05.
2025-11-24 16:56:15,400 - root - Valid, epoch 45, loss 3.65472.
2025-11-24 16:58:23,719 - root - Training, epoch 46, loss -1.68016, lr 3.000000e-05.
2025-11-24 16:58:30,021 - root - Valid, epoch 46, loss 3.76416.
2025-11-24 17:00:34,775 - root - Training, epoch 47, loss -1.70680, lr 3.524651e-05.
2025-11-24 17:00:40,653 - root - Valid, epoch 47, loss 3.81967.
2025-11-24 17:02:46,788 - root - Training, epoch 48, loss -1.73475, lr 4.354904e-05.
2025-11-24 17:02:52,614 - root - Valid, epoch 48, loss 3.87690.
2025-11-24 17:04:59,162 - root - Training, epoch 49, loss -1.76116, lr 5.256770e-05.
2025-11-24 17:05:05,017 - root - Valid, epoch 49, loss 3.96549.
2025-11-24 17:07:04,140 - root - Training, epoch 50, loss -1.78754, lr 6.224182e-05.
2025-11-24 17:07:08,384 - root - Valid, epoch 50, loss 4.04432.
2025-11-24 17:07:12,688 - root - Last epoch: 050, saving model to ./results/lower_lr/ct_dma_pos_bs32_lr0.0003/model.pt
